<?xml version="1.0" encoding="UTF-8"?>
<!-- Generated by org.testng.reporters.JUnitXMLReporter -->
<testsuite ignored="0" hostname="DESKTOP-02B3D7O" failures="1" tests="1" name="freshflows application" time="52.179" errors="0" timestamp="15 Dec 2021 13:50:01 GMT">
  <testcase classname="com.freshflows.testCases.TC_01" name="login" time="36.948">
    <failure type="java.lang.NullPointerException">
      <![CDATA[java.lang.NullPointerException
at com.freshflows.testCases.TC_01.login(TC_01.java:35)
... Removed 25 stack frames]]>
    </failure>
  </testcase> <!-- login -->
</testsuite> <!-- freshflows application -->
